<?xml version="1.0" encoding="UTF-8"?>
<!-- Generated by org.testng.reporters.JUnitReportReporter -->
<testsuite hostname="MuMu" failures="0" tests="9" name="week6.day1.TestNG" time="0.037" errors="0" timestamp="2024-01-13T17:17:51 IST" skipped="1">
  <testcase classname="week6.day1.TestNG" name="CreateLead" time="0.002"/>
  <system-out/>
  <testcase classname="week6.day1.TestNG" name="CreateLead" time="0.010"/>
  <system-out/>
  <testcase classname="week6.day1.TestNG" name="CreateLead" time="0.003"/>
  <system-out/>
  <testcase classname="week6.day1.TestNG" name="CreateLead" time="0.010"/>
  <system-out/>
  <testcase classname="week6.day1.TestNG" name="CreateLead" time="0.010"/>
  <system-out/>
  <testcase classname="week6.day1.TestNG" name="DuplicateLead" time="0.001"/>
  <system-out/>
  <testcase classname="week6.day1.TestNG" name="EditLead" time="0.001"/>
  <system-out/>
  <testcase classname="week6.day1.TestNG" name="DeleteLead" time="0.000"/>
  <system-out/>
  <testcase classname="week6.day1.TestNG" name="MergeLead">
    <skipped/>
  </testcase> <!-- MergeLead -->
  <system-out/>
</testsuite> <!-- week6.day1.TestNG -->
