<?xml version="1.0" encoding="UTF-8"?>
<!-- Generated by org.testng.reporters.JUnitReportReporter -->
<testsuite hostname="MuMu" failures="0" tests="1" name="testcase.EditLead" time="32.889" errors="0" timestamp="2024-02-02T15:14:29 IST" skipped="0">
  <testcase classname="testcase.EditLead" name="editlead" time="32.889"/>
  <system-out/>
</testsuite> <!-- testcase.EditLead -->
