<?xml version="1.0" encoding="UTF-8"?>
<!-- Generated by org.testng.reporters.JUnitReportReporter -->
<testsuite hostname="MuMu" failures="0" tests="1" name="Marathon3.DeleteOpportunity" time="0.000" errors="0" timestamp="2024-02-08T23:01:07 IST" skipped="1">
  <testcase classname="Marathon3.DeleteOpportunity" name="DeleteOppo" time="0.000">
    <skipped/>
  </testcase> <!-- DeleteOppo -->
  <system-out/>
</testsuite> <!-- Marathon3.DeleteOpportunity -->
