<?xml version="1.0" encoding="UTF-8"?>
<!-- Generated by org.testng.reporters.JUnitReportReporter -->
<testsuite hostname="MuMu" failures="0" tests="1" name="testcase.CreateLead" time="13.158" errors="0" timestamp="2024-02-02T15:14:29 IST" skipped="0">
  <testcase classname="testcase.CreateLead" name="createlead" time="13.158"/>
  <system-out/>
</testsuite> <!-- testcase.CreateLead -->
