<?xml version="1.0" encoding="UTF-8"?>
<!-- Generated by org.testng.reporters.JUnitReportReporter -->
<testsuite hostname="MuMu" failures="0" tests="9" name="week5.day1.TestNG" time="0.033" errors="0" timestamp="2024-01-13T16:13:23 IST" skipped="1">
  <testcase classname="week5.day1.TestNG" name="CreateLead" time="0.002"/>
  <system-out/>
  <testcase classname="week5.day1.TestNG" name="CreateLead" time="0.001"/>
  <system-out/>
  <testcase classname="week5.day1.TestNG" name="CreateLead" time="0.010"/>
  <system-out/>
  <testcase classname="week5.day1.TestNG" name="CreateLead" time="0.010"/>
  <system-out/>
  <testcase classname="week5.day1.TestNG" name="CreateLead" time="0.010"/>
  <system-out/>
  <testcase classname="week5.day1.TestNG" name="DuplicateLead" time="0.000"/>
  <system-out/>
  <testcase classname="week5.day1.TestNG" name="EditLead" time="0.000"/>
  <system-out/>
  <testcase classname="week5.day1.TestNG" name="DeleteLead" time="0.000"/>
  <system-out/>
  <testcase classname="week5.day1.TestNG" name="MergeLead">
    <skipped/>
  </testcase> <!-- MergeLead -->
  <system-out/>
</testsuite> <!-- week5.day1.TestNG -->
