<?xml version="1.0" encoding="UTF-8"?>
<!-- Generated by org.testng.reporters.JUnitReportReporter -->
<testsuite hostname="MuMu" failures="0" tests="1" name="testcase.DuplicateLead" time="16.952" errors="0" timestamp="2024-02-02T15:14:29 IST" skipped="0">
  <testcase classname="testcase.DuplicateLead" name="duplicatelead" time="16.952"/>
  <system-out/>
</testsuite> <!-- testcase.DuplicateLead -->
